# JRE version: OpenJDK Runtime Environment Temurin-17.0.6+10 (17.0.6+10) (build 17.0.6+10)
# Java VM: OpenJDK 64-Bit Server VM Temurin-17.0.6+10 (17.0.6+10, mixed mode, tiered, compressed oops, compressed class ptrs, parallel gc, linux-amd64)
GC Precious Log:
 CPUs: 24 total, 24 available
 Memory: 15949M
 Large Page Support: Disabled
 NUMA Support: Disabled
 Compressed Oops: Enabled (32-bit)
 Alignments: Space 512K, Generation 512K, Heap 2M
 Heap Min Capacity: 100M
 Heap Initial Capacity: 100M
 Heap Max Capacity: 1G
 Pre-touch: Disabled
 Parallel Workers: 18
Heap:
 PSYoungGen      total 21504K, used 18669K [0x00000000eab00000, 0x00000000ec400000, 0x0000000100000000)
  eden space 19456K, 85% used [0x00000000eab00000,0x00000000ebb3b520,0x00000000ebe00000)
  from space 2048K, 100% used [0x00000000ebe00000,0x00000000ec000000,0x00000000ec000000)
  to   space 3072K, 0% used [0x00000000ec100000,0x00000000ec100000,0x00000000ec400000)
 ParOldGen       total 68608K, used 28808K [0x00000000c0000000, 0x00000000c4300000, 0x00000000eab00000)
  object space 68608K, 41% used [0x00000000c0000000,0x00000000c1c22190,0x00000000c4300000)
 Metaspace       used 46922K, committed 47808K, reserved 1097728K
  class space    used 5060K, committed 5440K, reserved 1048576K
GC Heap History (20 events):
Event: 1.489 GC heap before
{Heap before GC invocations=12 (full 2):
 PSYoungGen      total 25088K, used 23552K [0x00000000eab00000, 0x00000000ec700000, 0x0000000100000000)
  eden space 23552K, 100% used [0x00000000eab00000,0x00000000ec200000,0x00000000ec200000)
  from space 1536K, 0% used [0x00000000ec200000,0x00000000ec200000,0x00000000ec380000)
  to   space 2560K, 0% used [0x00000000ec480000,0x00000000ec480000,0x00000000ec700000)
 ParOldGen       total 68608K, used 12220K [0x00000000c0000000, 0x00000000c4300000, 0x00000000eab00000)
  object space 68608K, 17% used [0x00000000c0000000,0x00000000c0bef370,0x00000000c4300000)
 Metaspace       used 38113K, committed 38912K, reserved 1089536K
  class space    used 4002K, committed 4352K, reserved 1048576K
}
Event: 1.490 GC heap after
{Heap after GC invocations=12 (full 2):
 PSYoungGen      total 24576K, used 1164K [0x00000000eab00000, 0x00000000ec600000, 0x0000000100000000)
  eden space 23040K, 0% used [0x00000000eab00000,0x00000000eab00000,0x00000000ec180000)
  from space 1536K, 75% used [0x00000000ec480000,0x00000000ec5a3240,0x00000000ec600000)
  to   space 1536K, 0% used [0x00000000ec300000,0x00000000ec300000,0x00000000ec480000)
 ParOldGen       total 68608K, used 12228K [0x00000000c0000000, 0x00000000c4300000, 0x00000000eab00000)
  object space 68608K, 17% used [0x00000000c0000000,0x00000000c0bf1370,0x00000000c4300000)
 Metaspace       used 38113K, committed 38912K, reserved 1089536K
  class space    used 4002K, committed 4352K, reserved 1048576K
}
Event: 1.662 GC heap before
{Heap before GC invocations=13 (full 2):
 PSYoungGen      total 24576K, used 24204K [0x00000000eab00000, 0x00000000ec600000, 0x0000000100000000)
  eden space 23040K, 100% used [0x00000000eab00000,0x00000000ec180000,0x00000000ec180000)
  from space 1536K, 75% used [0x00000000ec480000,0x00000000ec5a3240,0x00000000ec600000)
  to   space 1536K, 0% used [0x00000000ec300000,0x00000000ec300000,0x00000000ec480000)
 ParOldGen       total 68608K, used 12228K [0x00000000c0000000, 0x00000000c4300000, 0x00000000eab00000)
  object space 68608K, 17% used [0x00000000c0000000,0x00000000c0bf1370,0x00000000c4300000)
 Metaspace       used 40609K, committed 41408K, reserved 1089536K
  class space    used 4324K, committed 4672K, reserved 1048576K
}
Event: 1.666 GC heap after
{Heap after GC invocations=13 (full 2):
 PSYoungGen      total 23552K, used 928K [0x00000000eab00000, 0x00000000ec500000, 0x0000000100000000)
  eden space 22528K, 0% used [0x00000000eab00000,0x00000000eab00000,0x00000000ec100000)
  from space 1024K, 90% used [0x00000000ec300000,0x00000000ec3e8000,0x00000000ec400000)
  to   space 1024K, 0% used [0x00000000ec400000,0x00000000ec400000,0x00000000ec500000)
 ParOldGen       total 68608K, used 13097K [0x00000000c0000000, 0x00000000c4300000, 0x00000000eab00000)
  object space 68608K, 19% used [0x00000000c0000000,0x00000000c0cca570,0x00000000c4300000)
 Metaspace       used 40609K, committed 41408K, reserved 1089536K
  class space    used 4324K, committed 4672K, reserved 1048576K
}
Event: 1.911 GC heap before
{Heap before GC invocations=14 (full 2):
 PSYoungGen      total 23552K, used 23455K [0x00000000eab00000, 0x00000000ec500000, 0x0000000100000000)
  eden space 22528K, 99% used [0x00000000eab00000,0x00000000ec0fffe0,0x00000000ec100000)
  from space 1024K, 90% used [0x00000000ec300000,0x00000000ec3e8000,0x00000000ec400000)
  to   space 1024K, 0% used [0x00000000ec400000,0x00000000ec400000,0x00000000ec500000)
 ParOldGen       total 68608K, used 13097K [0x00000000c0000000, 0x00000000c4300000, 0x00000000eab00000)
  object space 68608K, 19% used [0x00000000c0000000,0x00000000c0cca570,0x00000000c4300000)
 Metaspace       used 43516K, committed 44352K, reserved 1089536K
  class space    used 4686K, committed 4992K, reserved 1048576K
}
Event: 1.912 GC heap after
{Heap after GC invocations=14 (full 2):
 PSYoungGen      total 23040K, used 1024K [0x00000000eab00000, 0x00000000ec580000, 0x0000000100000000)
  eden space 22016K, 0% used [0x00000000eab00000,0x00000000eab00000,0x00000000ec080000)
  from space 1024K, 100% used [0x00000000ec400000,0x00000000ec500000,0x00000000ec500000)
  to   space 2560K, 0% used [0x00000000ec080000,0x00000000ec080000,0x00000000ec300000)
 ParOldGen       total 68608K, used 14017K [0x00000000c0000000, 0x00000000c4300000, 0x00000000eab00000)
  object space 68608K, 20% used [0x00000000c0000000,0x00000000c0db0570,0x00000000c4300000)
 Metaspace       used 43516K, committed 44352K, reserved 1089536K
  class space    used 4686K, committed 4992K, reserved 1048576K
}
Event: 2.067 GC heap before
{Heap before GC invocations=15 (full 2):
 PSYoungGen      total 23040K, used 23006K [0x00000000eab00000, 0x00000000ec580000, 0x0000000100000000)
  eden space 22016K, 99% used [0x00000000eab00000,0x00000000ec077b90,0x00000000ec080000)
  from space 1024K, 100% used [0x00000000ec400000,0x00000000ec500000,0x00000000ec500000)
  to   space 2560K, 0% used [0x00000000ec080000,0x00000000ec080000,0x00000000ec300000)
 ParOldGen       total 68608K, used 14017K [0x00000000c0000000, 0x00000000c4300000, 0x00000000eab00000)
  object space 68608K, 20% used [0x00000000c0000000,0x00000000c0db0570,0x00000000c4300000)
 Metaspace       used 45875K, committed 46784K, reserved 1097728K
  class space    used 4958K, committed 5312K, reserved 1048576K
}
Event: 2.071 GC heap after
{Heap after GC invocations=15 (full 2):
 PSYoungGen      total 24576K, used 2552K [0x00000000eab00000, 0x00000000ec680000, 0x0000000100000000)
  eden space 22016K, 0% used [0x00000000eab00000,0x00000000eab00000,0x00000000ec080000)
  from space 2560K, 99% used [0x00000000ec080000,0x00000000ec2fe170,0x00000000ec300000)
  to   space 3072K, 0% used [0x00000000ec380000,0x00000000ec380000,0x00000000ec680000)
 ParOldGen       total 68608K, used 15100K [0x00000000c0000000, 0x00000000c4300000, 0x00000000eab00000)
  object space 68608K, 22% used [0x00000000c0000000,0x00000000c0ebf280,0x00000000c4300000)
 Metaspace       used 45875K, committed 46784K, reserved 1097728K
  class space    used 4958K, committed 5312K, reserved 1048576K
}
Event: 2.118 GC heap before
{Heap before GC invocations=16 (full 2):
 PSYoungGen      total 24576K, used 24568K [0x00000000eab00000, 0x00000000ec680000, 0x0000000100000000)
  eden space 22016K, 100% used [0x00000000eab00000,0x00000000ec080000,0x00000000ec080000)
  from space 2560K, 99% used [0x00000000ec080000,0x00000000ec2fe170,0x00000000ec300000)
  to   space 3072K, 0% used [0x00000000ec380000,0x00000000ec380000,0x00000000ec680000)
 ParOldGen       total 68608K, used 15100K [0x00000000c0000000, 0x00000000c4300000, 0x00000000eab00000)
  object space 68608K, 22% used [0x00000000c0000000,0x00000000c0ebf280,0x00000000c4300000)
 Metaspace       used 46256K, committed 47168K, reserved 1097728K
  class space    used 5005K, committed 5376K, reserved 1048576K
}
Event: 2.122 GC heap after
{Heap after GC invocations=16 (full 2):
 PSYoungGen      total 24576K, used 2304K [0x00000000eab00000, 0x00000000ec600000, 0x0000000100000000)
  eden space 22016K, 0% used [0x00000000eab00000,0x00000000eab00000,0x00000000ec080000)
  from space 2560K, 90% used [0x00000000ec380000,0x00000000ec5c0020,0x00000000ec600000)
  to   space 2560K, 0% used [0x00000000ec080000,0x00000000ec080000,0x00000000ec300000)
 ParOldGen       total 68608K, used 17420K [0x00000000c0000000, 0x00000000c4300000, 0x00000000eab00000)
  object space 68608K, 25% used [0x00000000c0000000,0x00000000c1103030,0x00000000c4300000)
 Metaspace       used 46256K, committed 47168K, reserved 1097728K
  class space    used 5005K, committed 5376K, reserved 1048576K
}
Event: 2.158 GC heap before
{Heap before GC invocations=17 (full 2):
 PSYoungGen      total 24576K, used 24320K [0x00000000eab00000, 0x00000000ec600000, 0x0000000100000000)
  eden space 22016K, 100% used [0x00000000eab00000,0x00000000ec080000,0x00000000ec080000)
  from space 2560K, 90% used [0x00000000ec380000,0x00000000ec5c0020,0x00000000ec600000)
  to   space 2560K, 0% used [0x00000000ec080000,0x00000000ec080000,0x00000000ec300000)
 ParOldGen       total 68608K, used 17420K [0x00000000c0000000, 0x00000000c4300000, 0x00000000eab00000)
  object space 68608K, 25% used [0x00000000c0000000,0x00000000c1103030,0x00000000c4300000)
 Metaspace       used 46298K, committed 47168K, reserved 1097728K
  class space    used 5006K, committed 5376K, reserved 1048576K
}
Event: 2.161 GC heap after
{Heap after GC invocations=17 (full 2):
 PSYoungGen      total 24576K, used 2304K [0x00000000eab00000, 0x00000000ec580000, 0x0000000100000000)
  eden space 22016K, 0% used [0x00000000eab00000,0x00000000eab00000,0x00000000ec080000)
  from space 2560K, 90% used [0x00000000ec080000,0x00000000ec2c0010,0x00000000ec300000)
  to   space 2560K, 0% used [0x00000000ec300000,0x00000000ec300000,0x00000000ec580000)
 ParOldGen       total 68608K, used 19444K [0x00000000c0000000, 0x00000000c4300000, 0x00000000eab00000)
  object space 68608K, 28% used [0x00000000c0000000,0x00000000c12fd040,0x00000000c4300000)
 Metaspace       used 46298K, committed 47168K, reserved 1097728K
  class space    used 5006K, committed 5376K, reserved 1048576K
}
Event: 2.191 GC heap before
{Heap before GC invocations=18 (full 2):
 PSYoungGen      total 24576K, used 24320K [0x00000000eab00000, 0x00000000ec580000, 0x0000000100000000)
  eden space 22016K, 100% used [0x00000000eab00000,0x00000000ec080000,0x00000000ec080000)
  from space 2560K, 90% used [0x00000000ec080000,0x00000000ec2c0010,0x00000000ec300000)
  to   space 2560K, 0% used [0x00000000ec300000,0x00000000ec300000,0x00000000ec580000)
 ParOldGen       total 68608K, used 19444K [0x00000000c0000000, 0x00000000c4300000, 0x00000000eab00000)
  object space 68608K, 28% used [0x00000000c0000000,0x00000000c12fd040,0x00000000c4300000)
 Metaspace       used 46399K, committed 47296K, reserved 1097728K
  class space    used 5011K, committed 5376K, reserved 1048576K
}
Event: 2.195 GC heap after
{Heap after GC invocations=18 (full 2):
 PSYoungGen      total 24576K, used 2354K [0x00000000eab00000, 0x00000000ec580000, 0x0000000100000000)
  eden space 22016K, 0% used [0x00000000eab00000,0x00000000eab00000,0x00000000ec080000)
  from space 2560K, 91% used [0x00000000ec300000,0x00000000ec54cb18,0x00000000ec580000)
  to   space 2560K, 0% used [0x00000000ec080000,0x00000000ec080000,0x00000000ec300000)
 ParOldGen       total 68608K, used 21508K [0x00000000c0000000, 0x00000000c4300000, 0x00000000eab00000)
  object space 68608K, 31% used [0x00000000c0000000,0x00000000c1501050,0x00000000c4300000)
 Metaspace       used 46399K, committed 47296K, reserved 1097728K
  class space    used 5011K, committed 5376K, reserved 1048576K
}
Event: 2.217 GC heap before
{Heap before GC invocations=19 (full 2):
 PSYoungGen      total 24576K, used 24370K [0x00000000eab00000, 0x00000000ec580000, 0x0000000100000000)
  eden space 22016K, 100% used [0x00000000eab00000,0x00000000ec080000,0x00000000ec080000)
  from space 2560K, 91% used [0x00000000ec300000,0x00000000ec54cb18,0x00000000ec580000)
  to   space 2560K, 0% used [0x00000000ec080000,0x00000000ec080000,0x00000000ec300000)
 ParOldGen       total 68608K, used 21508K [0x00000000c0000000, 0x00000000c4300000, 0x00000000eab00000)
  object space 68608K, 31% used [0x00000000c0000000,0x00000000c1501050,0x00000000c4300000)
 Metaspace       used 46442K, committed 47296K, reserved 1097728K
  class space    used 5021K, committed 5376K, reserved 1048576K
}
Event: 2.222 GC heap after
{Heap after GC invocations=19 (full 2):
 PSYoungGen      total 24576K, used 2304K [0x00000000eab00000, 0x00000000ec580000, 0x0000000100000000)
  eden space 22016K, 0% used [0x00000000eab00000,0x00000000eab00000,0x00000000ec080000)
  from space 2560K, 90% used [0x00000000ec080000,0x00000000ec2c0000,0x00000000ec300000)
  to   space 2560K, 0% used [0x00000000ec300000,0x00000000ec300000,0x00000000ec580000)
 ParOldGen       total 68608K, used 24106K [0x00000000c0000000, 0x00000000c4300000, 0x00000000eab00000)
  object space 68608K, 35% used [0x00000000c0000000,0x00000000c178a900,0x00000000c4300000)
 Metaspace       used 46442K, committed 47296K, reserved 1097728K
  class space    used 5021K, committed 5376K, reserved 1048576K
}
Event: 2.239 GC heap before
{Heap before GC invocations=20 (full 2):
 PSYoungGen      total 24576K, used 24320K [0x00000000eab00000, 0x00000000ec580000, 0x0000000100000000)
  eden space 22016K, 100% used [0x00000000eab00000,0x00000000ec080000,0x00000000ec080000)
  from space 2560K, 90% used [0x00000000ec080000,0x00000000ec2c0000,0x00000000ec300000)
  to   space 2560K, 0% used [0x00000000ec300000,0x00000000ec300000,0x00000000ec580000)
 ParOldGen       total 68608K, used 24106K [0x00000000c0000000, 0x00000000c4300000, 0x00000000eab00000)
  object space 68608K, 35% used [0x00000000c0000000,0x00000000c178a900,0x00000000c4300000)
 Metaspace       used 46442K, committed 47296K, reserved 1097728K
  class space    used 5021K, committed 5376K, reserved 1048576K
}
Event: 2.245 GC heap after
{Heap after GC invocations=20 (full 2):
 PSYoungGen      total 22016K, used 2528K [0x00000000eab00000, 0x00000000eca80000, 0x0000000100000000)
  eden space 19456K, 0% used [0x00000000eab00000,0x00000000eab00000,0x00000000ebe00000)
  from space 2560K, 98% used [0x00000000ec300000,0x00000000ec578010,0x00000000ec580000)
  to   space 5120K, 0% used [0x00000000ebe00000,0x00000000ebe00000,0x00000000ec300000)
 ParOldGen       total 68608K, used 26258K [0x00000000c0000000, 0x00000000c4300000, 0x00000000eab00000)
  object space 68608K, 38% used [0x00000000c0000000,0x00000000c19a4900,0x00000000c4300000)
 Metaspace       used 46442K, committed 47296K, reserved 1097728K
  class space    used 5021K, committed 5376K, reserved 1048576K
}
Event: 2.259 GC heap before
{Heap before GC invocations=21 (full 2):
 PSYoungGen      total 22016K, used 21984K [0x00000000eab00000, 0x00000000eca80000, 0x0000000100000000)
  eden space 19456K, 100% used [0x00000000eab00000,0x00000000ebe00000,0x00000000ebe00000)
  from space 2560K, 98% used [0x00000000ec300000,0x00000000ec578010,0x00000000ec580000)
  to   space 5120K, 0% used [0x00000000ebe00000,0x00000000ebe00000,0x00000000ec300000)
 ParOldGen       total 68608K, used 26258K [0x00000000c0000000, 0x00000000c4300000, 0x00000000eab00000)
  object space 68608K, 38% used [0x00000000c0000000,0x00000000c19a4900,0x00000000c4300000)
 Metaspace       used 46442K, committed 47296K, reserved 1097728K
  class space    used 5021K, committed 5376K, reserved 1048576K
}
Event: 2.264 GC heap after
{Heap after GC invocations=21 (full 2):
 PSYoungGen      total 21504K, used 2048K [0x00000000eab00000, 0x00000000ec400000, 0x0000000100000000)
  eden space 19456K, 0% used [0x00000000eab00000,0x00000000eab00000,0x00000000ebe00000)
  from space 2048K, 100% used [0x00000000ebe00000,0x00000000ec000000,0x00000000ec000000)
  to   space 3072K, 0% used [0x00000000ec100000,0x00000000ec100000,0x00000000ec400000)
 ParOldGen       total 68608K, used 28808K [0x00000000c0000000, 0x00000000c4300000, 0x00000000eab00000)
  object space 68608K, 41% used [0x00000000c0000000,0x00000000c1c22190,0x00000000c4300000)
 Metaspace       used 46442K, committed 47296K, reserved 1097728K
  class space    used 5021K, committed 5376K, reserved 1048576K
}

