# JRE version: OpenJDK Runtime Environment Temurin-17.0.6+10 (17.0.6+10) (build 17.0.6+10)
# Java VM: OpenJDK 64-Bit Server VM Temurin-17.0.6+10 (17.0.6+10, mixed mode, tiered, compressed oops, compressed class ptrs, parallel gc, linux-amd64)
GC Precious Log:
 CPUs: 24 total, 24 available
 Memory: 15949M
 Large Page Support: Disabled
 NUMA Support: Disabled
 Compressed Oops: Enabled (32-bit)
 Alignments: Space 512K, Generation 512K, Heap 2M
 Heap Min Capacity: 100M
 Heap Initial Capacity: 100M
 Heap Max Capacity: 1G
 Pre-touch: Disabled
 Parallel Workers: 18
Heap:
 PSYoungGen      total 29184K, used 24123K [0x00000000eab00000, 0x00000000ed780000, 0x0000000100000000)
  eden space 21504K, 77% used [0x00000000eab00000,0x00000000ebb3be48,0x00000000ec000000)
  from space 7680K, 97% used [0x00000000ed000000,0x00000000ed752ee8,0x00000000ed780000)
  to   space 10752K, 0% used [0x00000000ec280000,0x00000000ec280000,0x00000000ecd00000)
 ParOldGen       total 108032K, used 81676K [0x00000000c0000000, 0x00000000c6980000, 0x00000000eab00000)
  object space 108032K, 75% used [0x00000000c0000000,0x00000000c4fc3300,0x00000000c6980000)
 Metaspace       used 63254K, committed 64192K, reserved 1114112K
  class space    used 6654K, committed 7040K, reserved 1048576K
GC Heap History (20 events):
Event: 3.408 GC heap before
{Heap before GC invocations=30 (full 2):
 PSYoungGen      total 23040K, used 23040K [0x00000000eab00000, 0x00000000ec480000, 0x0000000100000000)
  eden space 22016K, 100% used [0x00000000eab00000,0x00000000ec080000,0x00000000ec080000)
  from space 1024K, 100% used [0x00000000ec280000,0x00000000ec380000,0x00000000ec380000)
  to   space 1024K, 0% used [0x00000000ec380000,0x00000000ec380000,0x00000000ec480000)
 ParOldGen       total 68608K, used 38156K [0x00000000c0000000, 0x00000000c4300000, 0x00000000eab00000)
  object space 68608K, 55% used [0x00000000c0000000,0x00000000c2543248,0x00000000c4300000)
 Metaspace       used 58617K, committed 59712K, reserved 1105920K
  class space    used 6283K, committed 6720K, reserved 1048576K
}
Event: 3.412 GC heap after
{Heap after GC invocations=30 (full 2):
 PSYoungGen      total 23040K, used 544K [0x00000000eab00000, 0x00000000ec480000, 0x0000000100000000)
  eden space 22016K, 0% used [0x00000000eab00000,0x00000000eab00000,0x00000000ec080000)
  from space 1024K, 53% used [0x00000000ec380000,0x00000000ec408000,0x00000000ec480000)
  to   space 1024K, 0% used [0x00000000ec280000,0x00000000ec280000,0x00000000ec380000)
 ParOldGen       total 68608K, used 39268K [0x00000000c0000000, 0x00000000c4300000, 0x00000000eab00000)
  object space 68608K, 57% used [0x00000000c0000000,0x00000000c2659248,0x00000000c4300000)
 Metaspace       used 58617K, committed 59712K, reserved 1105920K
  class space    used 6283K, committed 6720K, reserved 1048576K
}
Event: 3.421 GC heap before
{Heap before GC invocations=31 (full 2):
 PSYoungGen      total 23040K, used 2574K [0x00000000eab00000, 0x00000000ec480000, 0x0000000100000000)
  eden space 22016K, 9% used [0x00000000eab00000,0x00000000eacfb8e8,0x00000000ec080000)
  from space 1024K, 53% used [0x00000000ec380000,0x00000000ec408000,0x00000000ec480000)
  to   space 1024K, 0% used [0x00000000ec280000,0x00000000ec280000,0x00000000ec380000)
 ParOldGen       total 68608K, used 39268K [0x00000000c0000000, 0x00000000c4300000, 0x00000000eab00000)
  object space 68608K, 57% used [0x00000000c0000000,0x00000000c2659248,0x00000000c4300000)
 Metaspace       used 58751K, committed 59776K, reserved 1105920K
  class space    used 6289K, committed 6720K, reserved 1048576K
}
Event: 3.422 GC heap after
{Heap after GC invocations=31 (full 2):
 PSYoungGen      total 23040K, used 708K [0x00000000eab00000, 0x00000000ec400000, 0x0000000100000000)
  eden space 22016K, 0% used [0x00000000eab00000,0x00000000eab00000,0x00000000ec080000)
  from space 1024K, 69% used [0x00000000ec280000,0x00000000ec3311d0,0x00000000ec380000)
  to   space 512K, 0% used [0x00000000ec380000,0x00000000ec380000,0x00000000ec400000)
 ParOldGen       total 68608K, used 39468K [0x00000000c0000000, 0x00000000c4300000, 0x00000000eab00000)
  object space 68608K, 57% used [0x00000000c0000000,0x00000000c268b278,0x00000000c4300000)
 Metaspace       used 58751K, committed 59776K, reserved 1105920K
  class space    used 6289K, committed 6720K, reserved 1048576K
}
Event: 3.422 GC heap before
{Heap before GC invocations=32 (full 3):
 PSYoungGen      total 23040K, used 708K [0x00000000eab00000, 0x00000000ec400000, 0x0000000100000000)
  eden space 22016K, 0% used [0x00000000eab00000,0x00000000eab00000,0x00000000ec080000)
  from space 1024K, 69% used [0x00000000ec280000,0x00000000ec3311d0,0x00000000ec380000)
  to   space 512K, 0% used [0x00000000ec380000,0x00000000ec380000,0x00000000ec400000)
 ParOldGen       total 68608K, used 39468K [0x00000000c0000000, 0x00000000c4300000, 0x00000000eab00000)
  object space 68608K, 57% used [0x00000000c0000000,0x00000000c268b278,0x00000000c4300000)
 Metaspace       used 58751K, committed 59776K, reserved 1105920K
  class space    used 6289K, committed 6720K, reserved 1048576K
}
Event: 3.449 GC heap after
{Heap after GC invocations=32 (full 3):
 PSYoungGen      total 23040K, used 0K [0x00000000eab00000, 0x00000000ec400000, 0x0000000100000000)
  eden space 22016K, 0% used [0x00000000eab00000,0x00000000eab00000,0x00000000ec080000)
  from space 1024K, 0% used [0x00000000ec280000,0x00000000ec280000,0x00000000ec380000)
  to   space 512K, 0% used [0x00000000ec380000,0x00000000ec380000,0x00000000ec400000)
 ParOldGen       total 68608K, used 35939K [0x00000000c0000000, 0x00000000c4300000, 0x00000000eab00000)
  object space 68608K, 52% used [0x00000000c0000000,0x00000000c2318f38,0x00000000c4300000)
 Metaspace       used 58751K, committed 59776K, reserved 1105920K
  class space    used 6289K, committed 6720K, reserved 1048576K
}
Event: 3.570 GC heap before
{Heap before GC invocations=33 (full 3):
 PSYoungGen      total 23040K, used 22016K [0x00000000eab00000, 0x00000000ec400000, 0x0000000100000000)
  eden space 22016K, 100% used [0x00000000eab00000,0x00000000ec080000,0x00000000ec080000)
  from space 1024K, 0% used [0x00000000ec280000,0x00000000ec280000,0x00000000ec380000)
  to   space 512K, 0% used [0x00000000ec380000,0x00000000ec380000,0x00000000ec400000)
 ParOldGen       total 68608K, used 35939K [0x00000000c0000000, 0x00000000c4300000, 0x00000000eab00000)
  object space 68608K, 52% used [0x00000000c0000000,0x00000000c2318f38,0x00000000c4300000)
 Metaspace       used 60921K, committed 61952K, reserved 1105920K
  class space    used 6428K, committed 6848K, reserved 1048576K
}
Event: 3.572 GC heap after
{Heap after GC invocations=33 (full 3):
 PSYoungGen      total 22016K, used 498K [0x00000000eab00000, 0x00000000ec780000, 0x0000000100000000)
  eden space 21504K, 0% used [0x00000000eab00000,0x00000000eab00000,0x00000000ec000000)
  from space 512K, 97% used [0x00000000ec380000,0x00000000ec3fc8a8,0x00000000ec400000)
  to   space 3584K, 0% used [0x00000000ec000000,0x00000000ec000000,0x00000000ec380000)
 ParOldGen       total 68608K, used 38220K [0x00000000c0000000, 0x00000000c4300000, 0x00000000eab00000)
  object space 68608K, 55% used [0x00000000c0000000,0x00000000c25531f8,0x00000000c4300000)
 Metaspace       used 60921K, committed 61952K, reserved 1105920K
  class space    used 6428K, committed 6848K, reserved 1048576K
}
Event: 4.015 GC heap before
{Heap before GC invocations=34 (full 3):
 PSYoungGen      total 22016K, used 18748K [0x00000000eab00000, 0x00000000ec780000, 0x0000000100000000)
  eden space 21504K, 84% used [0x00000000eab00000,0x00000000ebcd28a0,0x00000000ec000000)
  from space 512K, 97% used [0x00000000ec380000,0x00000000ec3fc8a8,0x00000000ec400000)
  to   space 3584K, 0% used [0x00000000ec000000,0x00000000ec000000,0x00000000ec380000)
 ParOldGen       total 68608K, used 38220K [0x00000000c0000000, 0x00000000c4300000, 0x00000000eab00000)
  object space 68608K, 55% used [0x00000000c0000000,0x00000000c25531f8,0x00000000c4300000)
 Metaspace       used 61472K, committed 62464K, reserved 1105920K
  class space    used 6483K, committed 6848K, reserved 1048576K
}
Event: 4.020 GC heap after
{Heap after GC invocations=34 (full 3):
 PSYoungGen      total 25088K, used 3500K [0x00000000eab00000, 0x00000000ec800000, 0x0000000100000000)
  eden space 21504K, 0% used [0x00000000eab00000,0x00000000eab00000,0x00000000ec000000)
  from space 3584K, 97% used [0x00000000ec000000,0x00000000ec36b3c0,0x00000000ec380000)
  to   space 4096K, 0% used [0x00000000ec400000,0x00000000ec400000,0x00000000ec800000)
 ParOldGen       total 68608K, used 42565K [0x00000000c0000000, 0x00000000c4300000, 0x00000000eab00000)
  object space 68608K, 62% used [0x00000000c0000000,0x00000000c29914c8,0x00000000c4300000)
 Metaspace       used 61472K, committed 62464K, reserved 1105920K
  class space    used 6483K, committed 6848K, reserved 1048576K
}
Event: 4.044 GC heap before
{Heap before GC invocations=35 (full 3):
 PSYoungGen      total 25088K, used 25004K [0x00000000eab00000, 0x00000000ec800000, 0x0000000100000000)
  eden space 21504K, 100% used [0x00000000eab00000,0x00000000ec000000,0x00000000ec000000)
  from space 3584K, 97% used [0x00000000ec000000,0x00000000ec36b3c0,0x00000000ec380000)
  to   space 4096K, 0% used [0x00000000ec400000,0x00000000ec400000,0x00000000ec800000)
 ParOldGen       total 79872K, used 68894K [0x00000000c0000000, 0x00000000c4e00000, 0x00000000eab00000)
  object space 79872K, 86% used [0x00000000c0000000,0x00000000c4347a78,0x00000000c4e00000)
 Metaspace       used 61478K, committed 62464K, reserved 1105920K
  class space    used 6484K, committed 6848K, reserved 1048576K
}
Event: 4.046 GC heap after
{Heap after GC invocations=35 (full 3):
 PSYoungGen      total 24064K, used 2368K [0x00000000eab00000, 0x00000000ec680000, 0x0000000100000000)
  eden space 21504K, 0% used [0x00000000eab00000,0x00000000eab00000,0x00000000ec000000)
  from space 2560K, 92% used [0x00000000ec400000,0x00000000ec650000,0x00000000ec680000)
  to   space 3072K, 0% used [0x00000000ec080000,0x00000000ec080000,0x00000000ec380000)
 ParOldGen       total 79872K, used 70873K [0x00000000c0000000, 0x00000000c4e00000, 0x00000000eab00000)
  object space 79872K, 88% used [0x00000000c0000000,0x00000000c45366b8,0x00000000c4e00000)
 Metaspace       used 61478K, committed 62464K, reserved 1105920K
  class space    used 6484K, committed 6848K, reserved 1048576K
}
Event: 4.063 GC heap before
{Heap before GC invocations=36 (full 3):
 PSYoungGen      total 24064K, used 23872K [0x00000000eab00000, 0x00000000ec680000, 0x0000000100000000)
  eden space 21504K, 100% used [0x00000000eab00000,0x00000000ec000000,0x00000000ec000000)
  from space 2560K, 92% used [0x00000000ec400000,0x00000000ec650000,0x00000000ec680000)
  to   space 3072K, 0% used [0x00000000ec080000,0x00000000ec080000,0x00000000ec380000)
 ParOldGen       total 79872K, used 70873K [0x00000000c0000000, 0x00000000c4e00000, 0x00000000eab00000)
  object space 79872K, 88% used [0x00000000c0000000,0x00000000c45366b8,0x00000000c4e00000)
 Metaspace       used 61478K, committed 62464K, reserved 1105920K
  class space    used 6484K, committed 6848K, reserved 1048576K
}
Event: 4.076 GC heap after
{Heap after GC invocations=36 (full 3):
 PSYoungGen      total 24576K, used 3072K [0x00000000eab00000, 0x00000000ee700000, 0x0000000100000000)
  eden space 21504K, 0% used [0x00000000eab00000,0x00000000eab00000,0x00000000ec000000)
  from space 3072K, 100% used [0x00000000ec080000,0x00000000ec380000,0x00000000ec380000)
  to   space 19968K, 0% used [0x00000000ed380000,0x00000000ed380000,0x00000000ee700000)
 ParOldGen       total 85504K, used 85001K [0x00000000c0000000, 0x00000000c5380000, 0x00000000eab00000)
  object space 85504K, 99% used [0x00000000c0000000,0x00000000c53026b8,0x00000000c5380000)
 Metaspace       used 61478K, committed 62464K, reserved 1105920K
  class space    used 6484K, committed 6848K, reserved 1048576K
}
Event: 4.076 GC heap before
{Heap before GC invocations=37 (full 4):
 PSYoungGen      total 24576K, used 3072K [0x00000000eab00000, 0x00000000ee700000, 0x0000000100000000)
  eden space 21504K, 0% used [0x00000000eab00000,0x00000000eab00000,0x00000000ec000000)
  from space 3072K, 100% used [0x00000000ec080000,0x00000000ec380000,0x00000000ec380000)
  to   space 19968K, 0% used [0x00000000ed380000,0x00000000ed380000,0x00000000ee700000)
 ParOldGen       total 85504K, used 85001K [0x00000000c0000000, 0x00000000c5380000, 0x00000000eab00000)
  object space 85504K, 99% used [0x00000000c0000000,0x00000000c53026b8,0x00000000c5380000)
 Metaspace       used 61478K, committed 62464K, reserved 1105920K
  class space    used 6484K, committed 6848K, reserved 1048576K
}
Event: 4.098 GC heap after
{Heap after GC invocations=37 (full 4):
 PSYoungGen      total 41472K, used 0K [0x00000000eab00000, 0x00000000ee700000, 0x0000000100000000)
  eden space 21504K, 0% used [0x00000000eab00000,0x00000000eab00000,0x00000000ec000000)
  from space 19968K, 0% used [0x00000000ed380000,0x00000000ed380000,0x00000000ee700000)
  to   space 19968K, 0% used [0x00000000ec000000,0x00000000ec000000,0x00000000ed380000)
 ParOldGen       total 108032K, used 66444K [0x00000000c0000000, 0x00000000c6980000, 0x00000000eab00000)
  object space 108032K, 61% used [0x00000000c0000000,0x00000000c40e3300,0x00000000c6980000)
 Metaspace       used 61478K, committed 62464K, reserved 1105920K
  class space    used 6484K, committed 6848K, reserved 1048576K
}
Event: 4.111 GC heap before
{Heap before GC invocations=38 (full 4):
 PSYoungGen      total 41472K, used 21504K [0x00000000eab00000, 0x00000000ee700000, 0x0000000100000000)
  eden space 21504K, 100% used [0x00000000eab00000,0x00000000ec000000,0x00000000ec000000)
  from space 19968K, 0% used [0x00000000ed380000,0x00000000ed380000,0x00000000ee700000)
  to   space 19968K, 0% used [0x00000000ec000000,0x00000000ec000000,0x00000000ed380000)
 ParOldGen       total 108032K, used 66444K [0x00000000c0000000, 0x00000000c6980000, 0x00000000eab00000)
  object space 108032K, 61% used [0x00000000c0000000,0x00000000c40e3300,0x00000000c6980000)
 Metaspace       used 61478K, committed 62464K, reserved 1105920K
  class space    used 6484K, committed 6848K, reserved 1048576K
}
Event: 4.118 GC heap after
{Heap after GC invocations=38 (full 4):
 PSYoungGen      total 37376K, used 15424K [0x00000000eab00000, 0x00000000ee000000, 0x0000000100000000)
  eden space 21504K, 0% used [0x00000000eab00000,0x00000000eab00000,0x00000000ec000000)
  from space 15872K, 97% used [0x00000000ec000000,0x00000000ecf10000,0x00000000ecf80000)
  to   space 16384K, 0% used [0x00000000ed000000,0x00000000ed000000,0x00000000ee000000)
 ParOldGen       total 108032K, used 66444K [0x00000000c0000000, 0x00000000c6980000, 0x00000000eab00000)
  object space 108032K, 61% used [0x00000000c0000000,0x00000000c40e3300,0x00000000c6980000)
 Metaspace       used 61478K, committed 62464K, reserved 1105920K
  class space    used 6484K, committed 6848K, reserved 1048576K
}
Event: 21.845 GC heap before
{Heap before GC invocations=39 (full 4):
 PSYoungGen      total 37376K, used 36928K [0x00000000eab00000, 0x00000000ee000000, 0x0000000100000000)
  eden space 21504K, 100% used [0x00000000eab00000,0x00000000ec000000,0x00000000ec000000)
  from space 15872K, 97% used [0x00000000ec000000,0x00000000ecf10000,0x00000000ecf80000)
  to   space 16384K, 0% used [0x00000000ed000000,0x00000000ed000000,0x00000000ee000000)
 ParOldGen       total 108032K, used 66444K [0x00000000c0000000, 0x00000000c6980000, 0x00000000eab00000)
  object space 108032K, 61% used [0x00000000c0000000,0x00000000c40e3300,0x00000000c6980000)
 Metaspace       used 62125K, committed 63168K, reserved 1105920K
  class space    used 6540K, committed 6976K, reserved 1048576K
}
Event: 21.858 GC heap after
{Heap after GC invocations=39 (full 4):
 PSYoungGen      total 29184K, used 7499K [0x00000000eab00000, 0x00000000ed780000, 0x0000000100000000)
  eden space 21504K, 0% used [0x00000000eab00000,0x00000000eab00000,0x00000000ec000000)
  from space 7680K, 97% used [0x00000000ed000000,0x00000000ed752ee8,0x00000000ed780000)
  to   space 10752K, 0% used [0x00000000ec280000,0x00000000ec280000,0x00000000ecd00000)
 ParOldGen       total 108032K, used 81676K [0x00000000c0000000, 0x00000000c6980000, 0x00000000eab00000)
  object space 108032K, 75% used [0x00000000c0000000,0x00000000c4fc3300,0x00000000c6980000)
 Metaspace       used 62125K, committed 63168K, reserved 1105920K
  class space    used 6540K, committed 6976K, reserved 1048576K
}

